{"level":"info","message":"DN server started on port 2000","timestamp":"2024-06-03 18:35:40"}
{"level":"info","message":"Created value for key: 2","timestamp":"2024-06-03 18:36:30"}
{"level":"info","message":"Read value for key: 1","timestamp":"2024-06-03 18:37:33"}
{"level":"info","message":"Read value for key: d4735e3a265e16eee03f59718b9b5d03019c07d8b6c51f90da3a666eec13ab35","timestamp":"2024-06-03 18:37:51"}
{"level":"info","message":"DN server started on port 2000","timestamp":"2024-06-03 18:40:38"}
{"level":"info","message":"Maintenance done!","timestamp":"2024-06-03 18:40:42"}
{"level":"info","message":"DN server started on port 2000","timestamp":"2024-06-03 18:41:33"}
{"level":"info","message":"Read value for key: d4735e3a265e16eee03f59718b9b5d03019c07d8b6c51f90da3a666eec13ab35","timestamp":"2024-06-03 18:41:43"}
{"level":"info","message":"Read value for key: d4735e3a265e16eee03f59718b9b5d03019c07d8b6c51f90da3a666eec13ab35","timestamp":"2024-06-03 18:41:44"}
{"level":"info","message":"Read value for key: d4735e3a265e16eee03f59718b9b5d03019c07d8b6c51f90da3a666eec13ab35","timestamp":"2024-06-03 18:41:44"}
{"level":"info","message":"DN server started on port 2000","timestamp":"2024-06-03 18:46:17"}
{"level":"info","message":"Read value for key: d4735e3a265e16eee03f59718b9b5d03019c07d8b6c51f90da3a666eec13ab35","timestamp":"2024-06-03 18:46:20"}
{"level":"info","message":"Read value for key: d4735e3a265e16eee03f59718b9b5d03019c07d8b6c51f90da3a666eec13ab35","timestamp":"2024-06-03 18:46:21"}
{"level":"info","message":"Read value for key: d4735e3a265e16eee03f59718b9b5d03019c07d8b6c51f90da3a666eec13ab35","timestamp":"2024-06-03 18:46:21"}
{"level":"info","message":"DN server started on port 2000","timestamp":"2024-06-03 18:47:58"}
{"level":"info","message":"DN server started on port 2000","timestamp":"2024-06-03 18:51:55"}
{"level":"info","message":"DN server started on port 2000","timestamp":"2024-06-04 14:03:30"}
{"level":"info","message":"Created value for key: 1","timestamp":"2024-06-04 14:04:47"}
{"level":"info","message":"Read value for key: d4735e3a265e16eee03f59718b9b5d03019c07d8b6c51f90da3a666eec13ab35","timestamp":"2024-06-04 14:05:16"}
{"level":"info","message":"Updated value for key: d4735e3a265e16eee03f59718b9b5d03019c07d8b6c51f90da3a666eec13ab35","timestamp":"2024-06-04 14:05:45"}
{"level":"info","message":"Deleted value for key: d4735e3a265e16eee03f59718b9b5d03019c07d8b6c51f90da3a666eec13ab35","timestamp":"2024-06-04 14:06:04"}
{"level":"info","message":"Maintenance done!","timestamp":"2024-06-04 14:06:17"}
{"level":"info","message":"DN server started on port 2000","timestamp":"2024-06-04 14:07:05"}
{"level":"info","message":"Read value for key: 2","timestamp":"2024-06-04 14:07:36"}
{"level":"info","message":"Created value for key: 2","timestamp":"2024-06-04 14:07:38"}
{"level":"info","message":"Created value for key: 3","timestamp":"2024-06-04 14:07:42"}
{"level":"info","message":"Read value for key: 4e07408562bedb8b60ce05c1decfe3ad16b72230967de01f640b7e4729b49fce","timestamp":"2024-06-04 14:07:45"}
{"level":"info","message":"Read value for key: 4e07408562bedb8b60ce05c1decfe3ad16b72230967de01f640b7e4729b49fce","timestamp":"2024-06-04 14:07:46"}
{"level":"info","message":"Read value for key: 4e07408562bedb8b60ce05c1decfe3ad16b72230967de01f640b7e4729b49fce","timestamp":"2024-06-04 14:07:47"}
{"level":"info","message":"Read value for key: 4e07408562bedb8b60ce05c1decfe3ad16b72230967de01f640b7e4729b49fce","timestamp":"2024-06-04 14:07:47"}
{"level":"info","message":"Read value for key: 4e07408562bedb8b60ce05c1decfe3ad16b72230967de01f640b7e4729b49fce","timestamp":"2024-06-04 14:07:47"}
{"level":"info","message":"Updated value for key: 4e07408562bedb8b60ce05c1decfe3ad16b72230967de01f640b7e4729b49fce","timestamp":"2024-06-04 14:07:54"}
{"level":"info","message":"Updated value for key: 4e07408562bedb8b60ce05c1decfe3ad16b72230967de01f640b7e4729b49fce","timestamp":"2024-06-04 14:07:56"}
{"level":"info","message":"Updated value for key: 4e07408562bedb8b60ce05c1decfe3ad16b72230967de01f640b7e4729b49fce","timestamp":"2024-06-04 14:07:59"}
{"level":"info","message":"Created value for key: 3","timestamp":"2024-06-04 14:08:24"}
{"level":"info","message":"Created value for key: 3","timestamp":"2024-06-04 14:08:25"}
{"level":"info","message":"Created value for key: 3","timestamp":"2024-06-04 14:08:26"}
{"level":"info","message":"Deleted value for key: 3","timestamp":"2024-06-04 14:08:33"}
{"level":"info","message":"DN server started on port 2000","timestamp":"2024-06-04 15:34:17"}
{"level":"info","message":"Created value for key: 1","timestamp":"2024-06-04 15:34:43"}
{"level":"info","message":"DN server started on port 2000","timestamp":"2024-06-04 15:36:42"}
{"level":"info","message":"Created value for key: 2","timestamp":"2024-06-04 15:41:07"}
{"level":"info","message":"DN server started on port 2000","timestamp":"2024-06-04 15:41:49"}
{"level":"info","message":"Updated value for key: d4735e3a265e16eee03f59718b9b5d03019c07d8b6c51f90da3a666eec13ab35","timestamp":"2024-06-04 15:41:58"}
{"level":"info","message":"Deleted value for key: d4735e3a265e16eee03f59718b9b5d03019c07d8b6c51f90da3a666eec13ab35","timestamp":"2024-06-04 15:42:02"}
{"level":"info","message":"Created value for key: 1","timestamp":"2024-06-04 15:42:15"}
{"level":"info","message":"Read value for key: 6b86b273ff34fce19d6b804eff5a3f5747ada4eaa22f1d49c01e52ddb7875b4b","timestamp":"2024-06-04 15:42:30"}
{"level":"info","message":"DN server started on port 2000","timestamp":"2024-06-05 10:46:27"}
{"level":"info","message":"DN server started on port 2000","timestamp":"2024-06-05 10:47:56"}
{"level":"info","message":"Created value for key: 1","timestamp":"2024-06-05 10:49:09"}
{"level":"info","message":"Created value for key: 3","timestamp":"2024-06-05 10:50:05"}
{"level":"info","message":"Created value for key: 4","timestamp":"2024-06-05 10:50:47"}
{"level":"info","message":"Read value for key: 6b86b273ff34fce19d6b804eff5a3f5747ada4eaa22f1d49c01e52ddb7875b4b","timestamp":"2024-06-05 10:52:32"}
{"level":"info","message":"Updated value for key: 6b86b273ff34fce19d6b804eff5a3f5747ada4eaa22f1d49c01e52ddb7875b4b","timestamp":"2024-06-05 10:52:54"}
{"level":"info","message":"Deleted value for key: 4b227777d4dd1fc61c6f884f48641d02b4d121d3fd328cb08b5531fcacdabf8a","timestamp":"2024-06-05 10:53:11"}
{"level":"info","message":"Read value for key: 6b86b273ff34fce19d6b804eff5a3f5747ada4eaa22f1d49c01e52ddb7875b4b","timestamp":"2024-06-05 10:56:27"}
{"level":"info","message":"Read value for key: 6b86b273ff34fce19d6b804eff5a3f5747ada4eaa22f1d49c01e52ddb7875b4b","timestamp":"2024-06-05 10:56:28"}
{"level":"info","message":"Read value for key: 6b86b273ff34fce19d6b804eff5a3f5747ada4eaa22f1d49c01e52ddb7875b4b","timestamp":"2024-06-05 10:56:28"}
{"level":"info","message":"Read value for key: 6b86b273ff34fce19d6b804eff5a3f5747ada4eaa22f1d49c01e52ddb7875b4b","timestamp":"2024-06-05 10:56:28"}
{"level":"info","message":"Read value for key: 6b86b273ff34fce19d6b804eff5a3f5747ada4eaa22f1d49c01e52ddb7875b4b","timestamp":"2024-06-05 10:56:28"}
{"level":"info","message":"Read value for key: 6b86b273ff34fce19d6b804eff5a3f5747ada4eaa22f1d49c01e52ddb7875b4b","timestamp":"2024-06-05 10:56:28"}
{"level":"info","message":"Read value for key: 6b86b273ff34fce19d6b804eff5a3f5747ada4eaa22f1d49c01e52ddb7875b4b","timestamp":"2024-06-05 10:56:28"}
{"level":"info","message":"Read value for key: 6b86b273ff34fce19d6b804eff5a3f5747ada4eaa22f1d49c01e52ddb7875b4b","timestamp":"2024-06-05 10:56:28"}
{"level":"info","message":"Read value for key: 6b86b273ff34fce19d6b804eff5a3f5747ada4eaa22f1d49c01e52ddb7875b4b","timestamp":"2024-06-05 10:56:29"}
{"level":"info","message":"Read value for key: 6b86b273ff34fce19d6b804eff5a3f5747ada4eaa22f1d49c01e52ddb7875b4b","timestamp":"2024-06-05 10:56:29"}
{"level":"info","message":"Read value for key: 6b86b273ff34fce19d6b804eff5a3f5747ada4eaa22f1d49c01e52ddb7875b4b","timestamp":"2024-06-05 10:56:29"}
{"level":"info","message":"Read value for key: 6b86b273ff34fce19d6b804eff5a3f5747ada4eaa22f1d49c01e52ddb7875b4b","timestamp":"2024-06-05 10:56:29"}
{"level":"info","message":"Read value for key: 6b86b273ff34fce19d6b804eff5a3f5747ada4eaa22f1d49c01e52ddb7875b4b","timestamp":"2024-06-05 10:56:29"}
{"level":"info","message":"Created value for key: 3","timestamp":"2024-06-05 10:56:39"}
{"level":"info","message":"Created value for key: 4","timestamp":"2024-06-05 10:56:41"}
{"level":"info","message":"Created value for key: 5","timestamp":"2024-06-05 10:56:43"}
{"level":"info","message":"Created value for key: 3","timestamp":"2024-06-05 10:56:45"}
{"level":"info","message":"Created value for key: 4","timestamp":"2024-06-05 10:56:46"}
{"level":"info","message":"Created value for key: 5","timestamp":"2024-06-05 10:56:49"}
{"level":"info","message":"Created value for key: 1","timestamp":"2024-06-05 10:56:50"}
{"level":"info","message":"Created value for key: 2","timestamp":"2024-06-05 10:56:52"}
{"level":"info","message":"Created value for key: 1","timestamp":"2024-06-05 10:57:35"}
{"level":"info","message":"Created value for key: 10","timestamp":"2024-06-05 10:57:38"}
{"level":"info","message":"DN server started on port 2000","timestamp":"2024-06-05 11:01:52"}
{"level":"info","message":"Created value for key: 11","timestamp":"2024-06-05 11:02:09"}
{"level":"info","message":"Read value for key: 6b86b273ff34fce19d6b804eff5a3f5747ada4eaa22f1d49c01e52ddb7875b4b","timestamp":"2024-06-05 11:02:29"}
{"level":"info","message":"Read value for key: 6b86b273ff34fce19d6b804eff5a3f5747ada4eaa22f1d49c01e52ddb7875b4b","timestamp":"2024-06-05 11:02:38"}
{"level":"info","message":"Read value for key: 4fc82b26aecb47d2868c4efbe3581732a3e7cbcc6c2efb32062c08170a05eeb8","timestamp":"2024-06-05 11:02:40"}
{"level":"info","message":"Updated value for key: 4fc82b26aecb47d2868c4efbe3581732a3e7cbcc6c2efb32062c08170a05eeb8","timestamp":"2024-06-05 11:02:55"}
{"level":"info","message":"Read value for key: 4fc82b26aecb47d2868c4efbe3581732a3e7cbcc6c2efb32062c08170a05eeb8","timestamp":"2024-06-05 11:03:06"}
{"level":"info","message":"Maintenance done!","timestamp":"2024-06-05 11:03:12"}
