{"timestamp":"2024-05-28T09:51:37.834Z","message":{},"type":"error"}
{"timestamp":"2024-05-28T09:54:07.111Z","message":"Error processing status request","type":"error, path:/status"}
{"timestamp":"2024-05-28T09:57:38.759Z","message":"Error processing status request","type":"error, path:/status"}
{"timestamp":"2024-05-28T10:05:41.944Z","message":"Error processing status request","type":"error, path:/status"}
{"timestamp":"2024-05-28T10:47:09.772Z","message":"Error processing status request","type":"error, path:/status"}
{"timestamp":"2024-05-28T10:53:38.224Z","message":"Error processing status request","type":"error, path:/status"}
{"timestamp":"2024-05-28T10:55:57.264Z","message":"Error processing status request","type":"error, path:/status"}
{"timestamp":"2024-05-28T11:00:12.177Z","message":"Error processing status request","type":"error, path:/status"}
{"timestamp":"2024-05-28T11:03:01.144Z","message":"Error processing status request","type":"error, path:/status"}
{"timestamp":"2024-05-28T11:07:42.272Z","message":"Error processing status request","type":"error, path:/status"}
{"timestamp":"2024-05-28T11:12:37.277Z","message":"Error processing status request","type":"error, path:/status"}
{"timestamp":"2024-05-28T11:13:46.521Z","message":"Error processing status request","type":"error, path:/status"}
{"timestamp":"2024-05-28T11:13:52.271Z","message":"Error processing status request","type":"error, path:/status"}
{"timestamp":"2024-05-28T11:15:18.197Z","message":"Error processing status request","type":"error, path:/status"}
{"timestamp":"2024-05-28T11:15:20.075Z","message":"Error processing status request","type":"error, path:/status"}
{"timestamp":"2024-05-28T11:15:55.729Z","message":"Error processing status request","type":"error, path:/status"}
{"timestamp":"2024-05-28T11:15:57.600Z","message":"Error processing status request","type":"error, path:/status"}
{"timestamp":"2024-05-28T11:17:07.596Z","message":"Error processing status request","type":"error, path:/status"}
{"timestamp":"2024-05-28T11:17:10.880Z","message":"Error processing status request","type":"error, path:/status"}
error: Error sending request to rp_server: {"0":"R","1":"e","10":"i","11":"l","12":"e","13":"d","14":" ","15":"w","16":"i","17":"t","18":"h","19":" ","2":"q","20":"s","21":"t","22":"a","23":"t","24":"u","25":"s","26":" ","27":"c","28":"o","29":"d","3":"u","30":"e","31":" ","32":"4","33":"0","34":"4","4":"e","5":"s","6":"t","7":" ","8":"f","9":"a","timestamp":"2024-05-28 10:32:36"}
error: Error sending request to rp_server: {"0":"R","1":"e","10":"i","11":"l","12":"e","13":"d","14":" ","15":"w","16":"i","17":"t","18":"h","19":" ","2":"q","20":"s","21":"t","22":"a","23":"t","24":"u","25":"s","26":" ","27":"c","28":"o","29":"d","3":"u","30":"e","31":" ","32":"4","33":"0","34":"4","4":"e","5":"s","6":"t","7":" ","8":"f","9":"a","timestamp":"2024-05-28 10:40:38"}
error: Error sending request to rp_server: {"0":"R","1":"e","10":"i","11":"l","12":"e","13":"d","14":" ","15":"w","16":"i","17":"t","18":"h","19":" ","2":"q","20":"s","21":"t","22":"a","23":"t","24":"u","25":"s","26":" ","27":"c","28":"o","29":"d","3":"u","30":"e","31":" ","32":"4","33":"0","34":"4","4":"e","5":"s","6":"t","7":" ","8":"f","9":"a","timestamp":"2024-05-28 10:41:02"}
error: Error sending request to rp_server: {"0":"R","1":"e","10":"i","11":"l","12":"e","13":"d","14":" ","15":"w","16":"i","17":"t","18":"h","19":" ","2":"q","20":"s","21":"t","22":"a","23":"t","24":"u","25":"s","26":" ","27":"c","28":"o","29":"d","3":"u","30":"e","31":" ","32":"4","33":"0","34":"4","4":"e","5":"s","6":"t","7":" ","8":"f","9":"a","timestamp":"2024-05-28 10:43:24"}
error: Error sending request to rp_server: {"0":"R","1":"e","10":"i","11":"l","12":"e","13":"d","14":" ","15":"w","16":"i","17":"t","18":"h","19":" ","2":"q","20":"s","21":"t","22":"a","23":"t","24":"u","25":"s","26":" ","27":"c","28":"o","29":"d","3":"u","30":"e","31":" ","32":"4","33":"0","34":"4","4":"e","5":"s","6":"t","7":" ","8":"f","9":"a","timestamp":"2024-05-28 10:45:58"}
error: Error sending request to rp_server: {"0":"R","1":"e","10":"i","11":"l","12":"e","13":"d","14":" ","15":"w","16":"i","17":"t","18":"h","19":" ","2":"q","20":"s","21":"t","22":"a","23":"t","24":"u","25":"s","26":" ","27":"c","28":"o","29":"d","3":"u","30":"e","31":" ","32":"4","33":"0","34":"4","4":"e","5":"s","6":"t","7":" ","8":"f","9":"a","timestamp":"2024-05-28 10:47:09"}
error: Error sending request to rp_server: {"0":"R","1":"e","10":"i","11":"l","12":"e","13":"d","14":" ","15":"w","16":"i","17":"t","18":"h","19":" ","2":"q","20":"s","21":"t","22":"a","23":"t","24":"u","25":"s","26":" ","27":"c","28":"o","29":"d","3":"u","30":"e","31":" ","32":"4","33":"0","34":"4","4":"e","5":"s","6":"t","7":" ","8":"f","9":"a","timestamp":"2024-05-28 10:48:49"}
error: Error processing status request {"error":{},"path":"/status","timestamp":"2024-05-28 10:50:05"}
error: Error processing status request {"error":{},"path":"/status","timestamp":"2024-05-28 10:50:46"}
error: Error processing status request {"error":{},"path":"/status","timestamp":"2024-05-28 10:51:37"}
error: Error processing status request {"error":{},"path":"/status","timestamp":"2024-05-28 12:18:48"}
error: Error processing status request {"error":{},"path":"/status","timestamp":"2024-05-28 12:18:56"}
error: Error processing status request {"error":{},"path":"/status","timestamp":"2024-05-28 12:18:57"}
error: Error processing status request {"error":{},"path":"/status","timestamp":"2024-05-28 12:18:57"}
{"level":"error","message":"Converting circular structure to JSON\n    --> starting at object with constructor 'Server'\n    |     property '_events' -> object with constructor 'Events'\n    |     property 'term change' -> object with constructor 'EE'\n    --- property 'context' closes the circle","timestamp":"2024-05-28 21:05:33"}
{"level":"error","message":"Converting circular structure to JSON\n    --> starting at object with constructor 'Server'\n    |     property '_events' -> object with constructor 'Events'\n    |     property 'term change' -> object with constructor 'EE'\n    --- property 'context' closes the circle","timestamp":"2024-05-28 21:05:41"}
