{"level":"info","message":{"host":"localhost","id":2,"name":"N2s2","port":3220},"timestamp":"2024-05-28 12:55:54"}
{"level":"info","message":{"host":"localhost","id":2,"name":"N0s2","port":3020},"timestamp":"2024-05-28 12:56:00"}
{"level":"info","message":{"host":"localhost","id":0,"name":"N2s0","port":3200},"timestamp":"2024-05-28 12:56:01"}
{"level":"info","message":{"host":"localhost","id":1,"name":"N2s1","port":3210},"timestamp":"2024-05-28 12:56:02"}
{"level":"info","message":{"host":"localhost","id":0,"name":"N1s0","port":3100},"timestamp":"2024-05-28 12:56:05"}
{"level":"info","message":{"host":"localhost","id":1,"name":"N1s1","port":3110},"timestamp":"2024-05-28 12:56:15"}
{"level":"info","message":{"host":"localhost","id":1,"name":"N1s1","port":3110},"timestamp":"2024-05-28 12:56:16"}
{"level":"info","message":{"host":"localhost","id":2,"name":"N0s2","port":3020},"timestamp":"2024-05-28 12:56:16"}
{"level":"info","message":{"host":"localhost","id":1,"name":"N2s1","port":3210},"timestamp":"2024-05-28 12:59:21"}
{"level":"info","timestamp":"2024-05-28 16:38:13"}
{"level":"info","timestamp":"2024-05-28 16:38:16"}
{"level":"info","timestamp":"2024-05-28 16:39:41"}
{"level":"info","message":{"currentTerm":14,"id":7,"name":"N2s1","state":"Leader","votedFor":8,"votesReceived":11},"timestamp":"2024-05-28 17:25:24"}
error: Error processing status request {"error":{},"path":"/status","timestamp":"2024-05-28 12:18:48"}
error: Error processing status request {"error":{},"path":"/status","timestamp":"2024-05-28 12:18:56"}
error: Error processing status request {"error":{},"path":"/status","timestamp":"2024-05-28 12:18:57"}
error: Error processing status request {"error":{},"path":"/status","timestamp":"2024-05-28 12:18:57"}
{"level":"info","message":{"currentTerm":20,"id":3,"name":"N1s0","state":"Leader","votedFor":8,"votesReceived":15},"timestamp":"2024-05-28 17:29:37"}
{"level":"info","message":{"currentTerm":15,"id":1,"name":"N0s1","state":"Leader","votedFor":5,"votesReceived":15},"timestamp":"2024-05-28 17:52:44"}
{"level":"info","message":{"_events":{"data":{"context":"[Circular]","once":false},"elected":{"context":"[Circular]","once":false},"state change":{"context":"[Circular]","once":false},"term change":{"context":"[Circular]","once":false}},"_eventsCount":4,"address":"25fb5432-14ee-4e0a-993b-09a52f9dabe1","beat":50,"currentTerm":2,"election":{"max":300,"min":150},"id":0,"latency":0,"leader":"","log":null,"nodes":[],"state":"Leader","term":55,"threshold":0.8,"timers":{"context":"[Circular]","timers":{"election":{"duration":234,"fns":[null],"start":1716926740994,"timer":{"_destroyed":false,"_idleNext":{"_idleNext":"[Circular]","_idlePrev":"[Circular]","expiry":13465,"id":-9007199254740475,"msecs":234,"priorityQueuePosition":8},"_idlePrev":{"_idleNext":"[Circular]","_idlePrev":"[Circular]","expiry":13465,"id":-9007199254740475,"msecs":234,"priorityQueuePosition":8},"_idleStart":13231,"_idleTimeout":234,"_repeat":null}}}},"votedFor":0,"votes":{"for":"25fb5432-14ee-4e0a-993b-09a52f9dabe1","granted":1},"votesReceived":0,"write":null},"timestamp":"2024-05-28 21:05:41"}
