{"level":"info","message":"Server N0s0 started an election","timestamp":"2024-06-03 18:35:40"}
{"level":"info","message":"Server started on port 4000","timestamp":"2024-06-03 18:35:40"}
{"level":"info","message":"Server N0s0 got: -5 votes","timestamp":"2024-06-03 18:35:40"}
{"level":"info","message":"Server N0s1 started an election","timestamp":"2024-06-03 18:35:40"}
{"level":"info","message":"Server N0s1 got: 9 votes","timestamp":"2024-06-03 18:35:40"}
{"level":"info","message":"Server N0s2 started an election","timestamp":"2024-06-03 18:35:40"}
{"level":"info","message":"Server N0s2 got: 1 votes","timestamp":"2024-06-03 18:35:40"}
{"level":"info","message":"Server N0s3 started an election","timestamp":"2024-06-03 18:35:40"}
{"level":"info","message":"Server N0s3 got: -4 votes","timestamp":"2024-06-03 18:35:40"}
{"level":"info","message":"Server N1s0 started an election","timestamp":"2024-06-03 18:35:40"}
{"level":"info","message":"Server N1s0 got: -1 votes","timestamp":"2024-06-03 18:35:40"}
{"level":"info","message":"Server N1s1 started an election","timestamp":"2024-06-03 18:35:40"}
{"level":"info","message":"Server N1s1 got: -1 votes","timestamp":"2024-06-03 18:35:40"}
{"level":"info","message":"Server N1s2 started an election","timestamp":"2024-06-03 18:35:40"}
{"level":"info","message":"Server N1s2 got: 3 votes","timestamp":"2024-06-03 18:35:40"}
{"level":"info","message":"Server N1s3 started an election","timestamp":"2024-06-03 18:35:40"}
{"level":"info","message":"Server N1s3 got: -7 votes","timestamp":"2024-06-03 18:35:40"}
{"level":"info","message":"Server N2s0 started an election","timestamp":"2024-06-03 18:35:40"}
{"level":"info","message":"Server N2s0 got: -7 votes","timestamp":"2024-06-03 18:35:40"}
{"level":"info","message":"Server N2s1 started an election","timestamp":"2024-06-03 18:35:40"}
{"level":"info","message":"Server N2s1 got: 1 votes","timestamp":"2024-06-03 18:35:40"}
{"level":"info","message":"Server N2s2 started an election","timestamp":"2024-06-03 18:35:40"}
{"level":"info","message":"Server N2s2 got: -2 votes","timestamp":"2024-06-03 18:35:40"}
{"level":"info","message":"Server N2s3 started an election","timestamp":"2024-06-03 18:35:40"}
{"level":"info","message":"Server N2s3 got: -3 votes","timestamp":"2024-06-03 18:35:40"}
{"level":"info","message":"Server N3s0 started an election","timestamp":"2024-06-03 18:35:40"}
{"level":"info","message":"Server N3s0 got: -2 votes","timestamp":"2024-06-03 18:35:40"}
{"level":"info","message":"Server N3s1 started an election","timestamp":"2024-06-03 18:35:40"}
{"level":"info","message":"Server N3s1 got: 2 votes","timestamp":"2024-06-03 18:35:40"}
{"level":"info","message":"Server N3s2 started an election","timestamp":"2024-06-03 18:35:40"}
{"level":"info","message":"Server N3s2 got: 3 votes","timestamp":"2024-06-03 18:35:40"}
{"level":"info","message":"Server N3s3 started an election","timestamp":"2024-06-03 18:35:40"}
{"level":"info","message":"Server N3s3 got: -5 votes","timestamp":"2024-06-03 18:35:40"}
{"level":"info","message":"Server N0s0 started an election","timestamp":"2024-06-03 18:40:38"}
{"level":"info","message":"Server started on port 4000","timestamp":"2024-06-03 18:40:38"}
{"level":"info","message":"Server N0s0 got: 3 votes","timestamp":"2024-06-03 18:40:38"}
{"level":"info","message":"Server N0s1 started an election","timestamp":"2024-06-03 18:40:38"}
{"level":"info","message":"Server N0s1 got: 1 votes","timestamp":"2024-06-03 18:40:38"}
{"level":"info","message":"Server N0s2 started an election","timestamp":"2024-06-03 18:40:38"}
{"level":"info","message":"Server N0s2 got: -3 votes","timestamp":"2024-06-03 18:40:38"}
{"level":"info","message":"Server N0s3 started an election","timestamp":"2024-06-03 18:40:38"}
{"level":"info","message":"Server N0s3 got: -5 votes","timestamp":"2024-06-03 18:40:38"}
{"level":"info","message":"Server N1s0 started an election","timestamp":"2024-06-03 18:40:38"}
{"level":"info","message":"Server N1s0 got: -4 votes","timestamp":"2024-06-03 18:40:38"}
{"level":"info","message":"Server N1s1 started an election","timestamp":"2024-06-03 18:40:38"}
{"level":"info","message":"Server N1s1 got: -8 votes","timestamp":"2024-06-03 18:40:38"}
{"level":"info","message":"Server N1s2 started an election","timestamp":"2024-06-03 18:40:38"}
{"level":"info","message":"Server N1s2 got: -5 votes","timestamp":"2024-06-03 18:40:38"}
{"level":"info","message":"Server N1s3 started an election","timestamp":"2024-06-03 18:40:38"}
{"level":"info","message":"Server N1s3 got: -3 votes","timestamp":"2024-06-03 18:40:38"}
{"level":"info","message":"Server N2s0 started an election","timestamp":"2024-06-03 18:40:38"}
{"level":"info","message":"Server N2s0 got: -7 votes","timestamp":"2024-06-03 18:40:38"}
{"level":"info","message":"Server N2s1 started an election","timestamp":"2024-06-03 18:40:38"}
{"level":"info","message":"Server N2s1 got: -2 votes","timestamp":"2024-06-03 18:40:38"}
{"level":"info","message":"Server N2s2 started an election","timestamp":"2024-06-03 18:40:38"}
{"level":"info","message":"Server N2s2 got: -7 votes","timestamp":"2024-06-03 18:40:38"}
{"level":"info","message":"Server N2s3 started an election","timestamp":"2024-06-03 18:40:38"}
{"level":"info","message":"Server N2s3 got: -9 votes","timestamp":"2024-06-03 18:40:38"}
{"level":"info","message":"Server N3s0 started an election","timestamp":"2024-06-03 18:40:38"}
{"level":"info","message":"Server N3s0 got: 4 votes","timestamp":"2024-06-03 18:40:38"}
{"level":"info","message":"Server N3s1 started an election","timestamp":"2024-06-03 18:40:38"}
{"level":"info","message":"Server N3s1 got: -9 votes","timestamp":"2024-06-03 18:40:38"}
{"level":"info","message":"Server N3s2 started an election","timestamp":"2024-06-03 18:40:38"}
{"level":"info","message":"Server N3s2 got: -7 votes","timestamp":"2024-06-03 18:40:38"}
{"level":"info","message":"Server N3s3 started an election","timestamp":"2024-06-03 18:40:38"}
{"level":"info","message":"Server N3s3 got: -5 votes","timestamp":"2024-06-03 18:40:38"}
{"level":"info","message":"Server N0s0 started an election","timestamp":"2024-06-03 18:41:33"}
{"level":"info","message":"Server started on port 4000","timestamp":"2024-06-03 18:41:33"}
{"level":"info","message":"Server N0s0 got: 7 votes","timestamp":"2024-06-03 18:41:33"}
{"level":"info","message":"Server N0s1 started an election","timestamp":"2024-06-03 18:41:33"}
{"level":"info","message":"Server N0s1 got: -3 votes","timestamp":"2024-06-03 18:41:33"}
{"level":"info","message":"Server N0s2 started an election","timestamp":"2024-06-03 18:41:33"}
{"level":"info","message":"Server N0s2 got: 3 votes","timestamp":"2024-06-03 18:41:33"}
{"level":"info","message":"Server N0s3 started an election","timestamp":"2024-06-03 18:41:33"}
{"level":"info","message":"Server N0s3 got: -6 votes","timestamp":"2024-06-03 18:41:33"}
{"level":"info","message":"Server N1s0 started an election","timestamp":"2024-06-03 18:41:33"}
{"level":"info","message":"Server N1s0 got: -5 votes","timestamp":"2024-06-03 18:41:33"}
{"level":"info","message":"Server N1s1 started an election","timestamp":"2024-06-03 18:41:33"}
{"level":"info","message":"Server N1s1 got: -8 votes","timestamp":"2024-06-03 18:41:33"}
{"level":"info","message":"Server N1s2 started an election","timestamp":"2024-06-03 18:41:33"}
{"level":"info","message":"Server N1s2 got: -8 votes","timestamp":"2024-06-03 18:41:33"}
{"level":"info","message":"Server N1s3 started an election","timestamp":"2024-06-03 18:41:33"}
{"level":"info","message":"Server N1s3 got: 3 votes","timestamp":"2024-06-03 18:41:33"}
{"level":"info","message":"Server N2s0 started an election","timestamp":"2024-06-03 18:41:33"}
{"level":"info","message":"Server N2s0 got: -3 votes","timestamp":"2024-06-03 18:41:33"}
{"level":"info","message":"Server N2s1 started an election","timestamp":"2024-06-03 18:41:33"}
{"level":"info","message":"Server N2s1 got: -5 votes","timestamp":"2024-06-03 18:41:33"}
{"level":"info","message":"Server N2s2 started an election","timestamp":"2024-06-03 18:41:33"}
{"level":"info","message":"Server N2s2 got: -9 votes","timestamp":"2024-06-03 18:41:33"}
{"level":"info","message":"Server N2s3 started an election","timestamp":"2024-06-03 18:41:33"}
{"level":"info","message":"Server N2s3 got: -7 votes","timestamp":"2024-06-03 18:41:33"}
{"level":"info","message":"Server N3s0 started an election","timestamp":"2024-06-03 18:41:33"}
{"level":"info","message":"Server N3s0 got: 2 votes","timestamp":"2024-06-03 18:41:33"}
{"level":"info","message":"Server N3s1 started an election","timestamp":"2024-06-03 18:41:33"}
{"level":"info","message":"Server N3s1 got: -6 votes","timestamp":"2024-06-03 18:41:33"}
{"level":"info","message":"Server N3s2 started an election","timestamp":"2024-06-03 18:41:33"}
{"level":"info","message":"Server N3s2 got: -1 votes","timestamp":"2024-06-03 18:41:33"}
{"level":"info","message":"Server N3s3 started an election","timestamp":"2024-06-03 18:41:33"}
{"level":"info","message":"Server N3s3 got: 7 votes","timestamp":"2024-06-03 18:41:33"}
{"level":"info","message":"Server N0s0 started an election","timestamp":"2024-06-03 18:46:17"}
{"level":"info","message":"Server started on port 4000","timestamp":"2024-06-03 18:46:17"}
{"level":"info","message":"Server N0s0 got: -3 votes","timestamp":"2024-06-03 18:46:17"}
{"level":"info","message":"Server N0s1 started an election","timestamp":"2024-06-03 18:46:17"}
{"level":"info","message":"Server N0s1 got: 1 votes","timestamp":"2024-06-03 18:46:17"}
{"level":"info","message":"Server N0s2 started an election","timestamp":"2024-06-03 18:46:17"}
{"level":"info","message":"Server N0s2 got: 5 votes","timestamp":"2024-06-03 18:46:17"}
{"level":"info","message":"Server N0s3 started an election","timestamp":"2024-06-03 18:46:17"}
{"level":"info","message":"Server N0s3 got: -1 votes","timestamp":"2024-06-03 18:46:17"}
{"level":"info","message":"Server N1s0 started an election","timestamp":"2024-06-03 18:46:17"}
{"level":"info","message":"Server N1s0 got: -4 votes","timestamp":"2024-06-03 18:46:17"}
{"level":"info","message":"Server N1s1 started an election","timestamp":"2024-06-03 18:46:17"}
{"level":"info","message":"Server N1s1 got: -3 votes","timestamp":"2024-06-03 18:46:17"}
{"level":"info","message":"Server N1s2 started an election","timestamp":"2024-06-03 18:46:17"}
{"level":"info","message":"Server N1s2 got: -3 votes","timestamp":"2024-06-03 18:46:17"}
{"level":"info","message":"Server N1s3 started an election","timestamp":"2024-06-03 18:46:17"}
{"level":"info","message":"Server N1s3 got: -1 votes","timestamp":"2024-06-03 18:46:17"}
{"level":"info","message":"Server N2s0 started an election","timestamp":"2024-06-03 18:46:17"}
{"level":"info","message":"Server N2s0 got: 3 votes","timestamp":"2024-06-03 18:46:17"}
{"level":"info","message":"Server N2s1 started an election","timestamp":"2024-06-03 18:46:17"}
{"level":"info","message":"Server N2s1 got: -8 votes","timestamp":"2024-06-03 18:46:17"}
{"level":"info","message":"Server N2s2 started an election","timestamp":"2024-06-03 18:46:17"}
{"level":"info","message":"Server N2s2 got: -6 votes","timestamp":"2024-06-03 18:46:17"}
{"level":"info","message":"Server N2s3 started an election","timestamp":"2024-06-03 18:46:17"}
{"level":"info","message":"Server N2s3 got: -9 votes","timestamp":"2024-06-03 18:46:17"}
{"level":"info","message":"Server N3s0 started an election","timestamp":"2024-06-03 18:46:17"}
{"level":"info","message":"Server N3s0 got: 0 votes","timestamp":"2024-06-03 18:46:17"}
{"level":"info","message":"Server N3s1 started an election","timestamp":"2024-06-03 18:46:17"}
{"level":"info","message":"Server N3s1 got: -6 votes","timestamp":"2024-06-03 18:46:17"}
{"level":"info","message":"Server N3s2 started an election","timestamp":"2024-06-03 18:46:17"}
{"level":"info","message":"Server N3s2 got: -1 votes","timestamp":"2024-06-03 18:46:17"}
{"level":"info","message":"Server N3s3 started an election","timestamp":"2024-06-03 18:46:17"}
{"level":"info","message":"Server N3s3 got: 5 votes","timestamp":"2024-06-03 18:46:17"}
{"level":"info","message":"Server N0s0 started an election","timestamp":"2024-06-03 18:47:58"}
{"level":"info","message":"Server started on port 4000","timestamp":"2024-06-03 18:47:58"}
{"level":"info","message":"Server N0s0 got: -1 votes","timestamp":"2024-06-03 18:47:58"}
{"level":"info","message":"Server N0s1 started an election","timestamp":"2024-06-03 18:47:58"}
{"level":"info","message":"Server N0s1 got: -1 votes","timestamp":"2024-06-03 18:47:58"}
{"level":"info","message":"Server N0s2 started an election","timestamp":"2024-06-03 18:47:58"}
{"level":"info","message":"Server N0s2 got: -4 votes","timestamp":"2024-06-03 18:47:58"}
{"level":"info","message":"Server N0s3 started an election","timestamp":"2024-06-03 18:47:58"}
{"level":"info","message":"Server N0s3 got: -2 votes","timestamp":"2024-06-03 18:47:58"}
{"level":"info","message":"Server N1s0 started an election","timestamp":"2024-06-03 18:47:58"}
{"level":"info","message":"Server N1s0 got: -7 votes","timestamp":"2024-06-03 18:47:58"}
{"level":"info","message":"Server N1s1 started an election","timestamp":"2024-06-03 18:47:58"}
{"level":"info","message":"Server N1s1 got: -4 votes","timestamp":"2024-06-03 18:47:58"}
{"level":"info","message":"Server N1s2 started an election","timestamp":"2024-06-03 18:47:58"}
{"level":"info","message":"Server N1s2 got: -6 votes","timestamp":"2024-06-03 18:47:58"}
{"level":"info","message":"Server N1s3 started an election","timestamp":"2024-06-03 18:47:58"}
{"level":"info","message":"Server N1s3 got: -5 votes","timestamp":"2024-06-03 18:47:58"}
{"level":"info","message":"Server N2s0 started an election","timestamp":"2024-06-03 18:47:58"}
{"level":"info","message":"Server N2s0 got: -3 votes","timestamp":"2024-06-03 18:47:58"}
{"level":"info","message":"Server N2s1 started an election","timestamp":"2024-06-03 18:47:58"}
{"level":"info","message":"Server N2s1 got: 1 votes","timestamp":"2024-06-03 18:47:58"}
{"level":"info","message":"Server N2s2 started an election","timestamp":"2024-06-03 18:47:58"}
{"level":"info","message":"Server N2s2 got: -3 votes","timestamp":"2024-06-03 18:47:58"}
{"level":"info","message":"Server N2s3 started an election","timestamp":"2024-06-03 18:47:58"}
{"level":"info","message":"Server N2s3 got: 0 votes","timestamp":"2024-06-03 18:47:58"}
{"level":"info","message":"Server N3s0 started an election","timestamp":"2024-06-03 18:47:58"}
{"level":"info","message":"Server N3s0 got: 0 votes","timestamp":"2024-06-03 18:47:58"}
{"level":"info","message":"Server N3s1 started an election","timestamp":"2024-06-03 18:47:58"}
{"level":"info","message":"Server N3s1 got: -2 votes","timestamp":"2024-06-03 18:47:58"}
{"level":"info","message":"Server N3s2 started an election","timestamp":"2024-06-03 18:47:58"}
{"level":"info","message":"Server N3s2 got: -4 votes","timestamp":"2024-06-03 18:47:58"}
{"level":"info","message":"Server N3s3 started an election","timestamp":"2024-06-03 18:47:58"}
{"level":"info","message":"Server N3s3 got: -1 votes","timestamp":"2024-06-03 18:47:58"}
{"level":"info","message":"Server N0s0 started an election","timestamp":"2024-06-03 18:48:11"}
{"level":"info","message":"Server N0s0 got: -12 votes","timestamp":"2024-06-03 18:48:11"}
{"level":"info","message":"Server N0s1 started an election","timestamp":"2024-06-03 18:48:11"}
{"level":"info","message":"Server N0s1 got: -5 votes","timestamp":"2024-06-03 18:48:11"}
{"level":"info","message":"Server N0s2 started an election","timestamp":"2024-06-03 18:48:11"}
{"level":"info","message":"Server N0s2 got: -2 votes","timestamp":"2024-06-03 18:48:11"}
{"level":"info","message":"Server N0s3 started an election","timestamp":"2024-06-03 18:48:11"}
{"level":"info","message":"Server N0s3 got: -12 votes","timestamp":"2024-06-03 18:48:11"}
{"level":"info","message":"Server N1s0 started an election","timestamp":"2024-06-03 18:48:11"}
{"level":"info","message":"Server N1s0 got: -22 votes","timestamp":"2024-06-03 18:48:11"}
{"level":"info","message":"Server N1s1 started an election","timestamp":"2024-06-03 18:48:11"}
{"level":"info","message":"Server N1s1 got: 4 votes","timestamp":"2024-06-03 18:48:11"}
{"level":"info","message":"Server N1s2 started an election","timestamp":"2024-06-03 18:48:11"}
{"level":"info","message":"Server N1s2 got: -11 votes","timestamp":"2024-06-03 18:48:11"}
{"level":"info","message":"Server N1s3 started an election","timestamp":"2024-06-03 18:48:11"}
{"level":"info","message":"Server N1s3 got: -13 votes","timestamp":"2024-06-03 18:48:11"}
{"level":"info","message":"Server N2s0 started an election","timestamp":"2024-06-03 18:48:11"}
{"level":"info","message":"Server N2s0 got: -6 votes","timestamp":"2024-06-03 18:48:11"}
{"level":"info","message":"Server N2s1 started an election","timestamp":"2024-06-03 18:48:11"}
{"level":"info","message":"Server N2s1 got: -3 votes","timestamp":"2024-06-03 18:48:11"}
{"level":"info","message":"Server N2s2 started an election","timestamp":"2024-06-03 18:48:11"}
{"level":"info","message":"Server N2s2 got: -14 votes","timestamp":"2024-06-03 18:48:11"}
{"level":"info","message":"Server N2s3 started an election","timestamp":"2024-06-03 18:48:11"}
{"level":"info","message":"Server N2s3 got: -7 votes","timestamp":"2024-06-03 18:48:11"}
{"level":"info","message":"Server N3s0 started an election","timestamp":"2024-06-03 18:48:11"}
{"level":"info","message":"Server N3s0 got: -2 votes","timestamp":"2024-06-03 18:48:11"}
{"level":"info","message":"Server N3s1 started an election","timestamp":"2024-06-03 18:48:11"}
{"level":"info","message":"Server N3s1 got: -15 votes","timestamp":"2024-06-03 18:48:11"}
{"level":"info","message":"Server N3s2 started an election","timestamp":"2024-06-03 18:48:11"}
{"level":"info","message":"Server N3s2 got: -1 votes","timestamp":"2024-06-03 18:48:11"}
{"level":"info","message":"Server N3s3 started an election","timestamp":"2024-06-03 18:48:11"}
{"level":"info","message":"Server N3s3 got: -7 votes","timestamp":"2024-06-03 18:48:11"}
{"level":"info","message":"Server N0s0 started an election","timestamp":"2024-06-03 18:48:11"}
{"level":"info","message":"Server N0s0 got: -5 votes","timestamp":"2024-06-03 18:48:11"}
{"level":"info","message":"Server N0s1 started an election","timestamp":"2024-06-03 18:48:11"}
{"level":"info","message":"Server N0s1 got: -2 votes","timestamp":"2024-06-03 18:48:11"}
{"level":"info","message":"Server N0s2 started an election","timestamp":"2024-06-03 18:48:11"}
{"level":"info","message":"Server N0s2 got: -16 votes","timestamp":"2024-06-03 18:48:11"}
{"level":"info","message":"Server N0s3 started an election","timestamp":"2024-06-03 18:48:11"}
{"level":"info","message":"Server N0s3 got: -4 votes","timestamp":"2024-06-03 18:48:11"}
{"level":"info","message":"Server N1s0 started an election","timestamp":"2024-06-03 18:48:11"}
{"level":"info","message":"Server N1s0 got: -2 votes","timestamp":"2024-06-03 18:48:11"}
{"level":"info","message":"Server N1s1 started an election","timestamp":"2024-06-03 18:48:11"}
{"level":"info","message":"Server N1s1 got: 0 votes","timestamp":"2024-06-03 18:48:11"}
{"level":"info","message":"Server N1s2 started an election","timestamp":"2024-06-03 18:48:11"}
{"level":"info","message":"Server N1s2 got: 0 votes","timestamp":"2024-06-03 18:48:11"}
{"level":"info","message":"Server N1s3 started an election","timestamp":"2024-06-03 18:48:11"}
{"level":"info","message":"Server N1s3 got: -2 votes","timestamp":"2024-06-03 18:48:11"}
{"level":"info","message":"Server N2s0 started an election","timestamp":"2024-06-03 18:48:11"}
{"level":"info","message":"Server N2s0 got: 0 votes","timestamp":"2024-06-03 18:48:11"}
{"level":"info","message":"Server N2s1 started an election","timestamp":"2024-06-03 18:48:11"}
{"level":"info","message":"Server N2s1 got: -2 votes","timestamp":"2024-06-03 18:48:11"}
{"level":"info","message":"Server N2s2 started an election","timestamp":"2024-06-03 18:48:11"}
{"level":"info","message":"Server N2s2 got: -11 votes","timestamp":"2024-06-03 18:48:11"}
{"level":"info","message":"Server N2s3 started an election","timestamp":"2024-06-03 18:48:11"}
{"level":"info","message":"Server N2s3 got: 4 votes","timestamp":"2024-06-03 18:48:11"}
{"level":"info","message":"Server N3s0 started an election","timestamp":"2024-06-03 18:48:11"}
{"level":"info","message":"Server N3s0 got: 2 votes","timestamp":"2024-06-03 18:48:11"}
{"level":"info","message":"Server N3s1 started an election","timestamp":"2024-06-03 18:48:11"}
{"level":"info","message":"Server N3s1 got: 2 votes","timestamp":"2024-06-03 18:48:11"}
{"level":"info","message":"Server N3s2 started an election","timestamp":"2024-06-03 18:48:11"}
{"level":"info","message":"Server N3s2 got: -2 votes","timestamp":"2024-06-03 18:48:11"}
{"level":"info","message":"Server N3s3 started an election","timestamp":"2024-06-03 18:48:11"}
{"level":"info","message":"Server N3s3 got: -4 votes","timestamp":"2024-06-03 18:48:11"}
{"level":"info","message":{"masterNode":{"currentTerm":27,"id":5,"log":null,"name":"N1s1","port":3110,"state":"Leader","votedFor":13,"votesReceived":4},"status":"OK","uptime":21},"timestamp":"2024-06-03 18:48:19"}
{"level":"info","message":"Server N0s0 started an election","timestamp":"2024-06-03 18:51:55"}
{"level":"info","message":"Server started on port 4000","timestamp":"2024-06-03 18:51:55"}
{"level":"info","message":"Server N0s0 got: 1 votes","timestamp":"2024-06-03 18:51:55"}
{"level":"info","message":"Server N0s1 started an election","timestamp":"2024-06-03 18:51:55"}
{"level":"info","message":"Server N0s1 got: -8 votes","timestamp":"2024-06-03 18:51:55"}
{"level":"info","message":"Server N0s2 started an election","timestamp":"2024-06-03 18:51:55"}
{"level":"info","message":"Server N0s2 got: 7 votes","timestamp":"2024-06-03 18:51:55"}
{"level":"info","message":"Server N0s3 started an election","timestamp":"2024-06-03 18:51:55"}
{"level":"info","message":"Server N0s3 got: 1 votes","timestamp":"2024-06-03 18:51:55"}
{"level":"info","message":"Server N1s0 started an election","timestamp":"2024-06-03 18:51:55"}
{"level":"info","message":"Server N1s0 got: 5 votes","timestamp":"2024-06-03 18:51:55"}
{"level":"info","message":"Server N1s1 started an election","timestamp":"2024-06-03 18:51:55"}
{"level":"info","message":"Server N1s1 got: 1 votes","timestamp":"2024-06-03 18:51:55"}
{"level":"info","message":"Server N1s2 started an election","timestamp":"2024-06-03 18:51:55"}
{"level":"info","message":"Server N1s2 got: -7 votes","timestamp":"2024-06-03 18:51:55"}
{"level":"info","message":"Server N1s3 started an election","timestamp":"2024-06-03 18:51:55"}
{"level":"info","message":"Server N1s3 got: -8 votes","timestamp":"2024-06-03 18:51:55"}
{"level":"info","message":"Server N2s0 started an election","timestamp":"2024-06-03 18:51:55"}
{"level":"info","message":"Server N2s0 got: 0 votes","timestamp":"2024-06-03 18:51:55"}
{"level":"info","message":"Server N2s1 started an election","timestamp":"2024-06-03 18:51:55"}
{"level":"info","message":"Server N2s1 got: 3 votes","timestamp":"2024-06-03 18:51:55"}
{"level":"info","message":"Server N2s2 started an election","timestamp":"2024-06-03 18:51:55"}
{"level":"info","message":"Server N2s2 got: -8 votes","timestamp":"2024-06-03 18:51:55"}
{"level":"info","message":"Server N2s3 started an election","timestamp":"2024-06-03 18:51:55"}
{"level":"info","message":"Server N2s3 got: 2 votes","timestamp":"2024-06-03 18:51:55"}
{"level":"info","message":"Server N3s0 started an election","timestamp":"2024-06-03 18:51:55"}
{"level":"info","message":"Server N3s0 got: 0 votes","timestamp":"2024-06-03 18:51:55"}
{"level":"info","message":"Server N3s1 started an election","timestamp":"2024-06-03 18:51:55"}
{"level":"info","message":"Server N3s1 got: 0 votes","timestamp":"2024-06-03 18:51:55"}
{"level":"info","message":"Server N3s2 started an election","timestamp":"2024-06-03 18:51:55"}
{"level":"info","message":"Server N3s2 got: -3 votes","timestamp":"2024-06-03 18:51:55"}
{"level":"info","message":"Server N3s3 started an election","timestamp":"2024-06-03 18:51:55"}
{"level":"info","message":"Server N3s3 got: -7 votes","timestamp":"2024-06-03 18:51:55"}
{"level":"info","message":"Server N0s0 started an election","timestamp":"2024-06-04 14:03:30"}
{"level":"info","message":"Server started on port 4000","timestamp":"2024-06-04 14:03:30"}
{"level":"info","message":"Server N0s0 got: -1 votes","timestamp":"2024-06-04 14:03:30"}
{"level":"info","message":"Server N0s1 started an election","timestamp":"2024-06-04 14:03:30"}
{"level":"info","message":"Server N0s1 got: 5 votes","timestamp":"2024-06-04 14:03:30"}
{"level":"info","message":"Server N0s2 started an election","timestamp":"2024-06-04 14:03:30"}
{"level":"info","message":"Server N0s2 got: -9 votes","timestamp":"2024-06-04 14:03:30"}
{"level":"info","message":"Server N0s3 started an election","timestamp":"2024-06-04 14:03:30"}
{"level":"info","message":"Server N0s3 got: -5 votes","timestamp":"2024-06-04 14:03:30"}
{"level":"info","message":"Server N1s0 started an election","timestamp":"2024-06-04 14:03:30"}
{"level":"info","message":"Server N1s0 got: -11 votes","timestamp":"2024-06-04 14:03:30"}
{"level":"info","message":"Server N1s1 started an election","timestamp":"2024-06-04 14:03:30"}
{"level":"info","message":"Server N1s1 got: -1 votes","timestamp":"2024-06-04 14:03:30"}
{"level":"info","message":"Server N1s2 started an election","timestamp":"2024-06-04 14:03:30"}
{"level":"info","message":"Server N1s2 got: -1 votes","timestamp":"2024-06-04 14:03:30"}
{"level":"info","message":"Server N1s3 started an election","timestamp":"2024-06-04 14:03:30"}
{"level":"info","message":"Server N1s3 got: -4 votes","timestamp":"2024-06-04 14:03:30"}
{"level":"info","message":"Server N2s0 started an election","timestamp":"2024-06-04 14:03:30"}
{"level":"info","message":"Server N2s0 got: 1 votes","timestamp":"2024-06-04 14:03:30"}
{"level":"info","message":"Server N2s1 started an election","timestamp":"2024-06-04 14:03:30"}
{"level":"info","message":"Server N2s1 got: -2 votes","timestamp":"2024-06-04 14:03:30"}
{"level":"info","message":"Server N2s2 started an election","timestamp":"2024-06-04 14:03:30"}
{"level":"info","message":"Server N2s2 got: -5 votes","timestamp":"2024-06-04 14:03:30"}
{"level":"info","message":"Server N2s3 started an election","timestamp":"2024-06-04 14:03:30"}
{"level":"info","message":"Server N2s3 got: 0 votes","timestamp":"2024-06-04 14:03:30"}
{"level":"info","message":"Server N3s0 started an election","timestamp":"2024-06-04 14:03:30"}
{"level":"info","message":"Server N3s0 got: 6 votes","timestamp":"2024-06-04 14:03:30"}
{"level":"info","message":"Server N3s1 started an election","timestamp":"2024-06-04 14:03:30"}
{"level":"info","message":"Server N3s1 got: -4 votes","timestamp":"2024-06-04 14:03:30"}
{"level":"info","message":"Server N3s2 started an election","timestamp":"2024-06-04 14:03:30"}
{"level":"info","message":"Server N3s2 got: -7 votes","timestamp":"2024-06-04 14:03:30"}
{"level":"info","message":"Server N3s3 started an election","timestamp":"2024-06-04 14:03:30"}
{"level":"info","message":"Server N3s3 got: 3 votes","timestamp":"2024-06-04 14:03:30"}
{"level":"info","message":"Server N0s0 started an election","timestamp":"2024-06-04 14:07:05"}
{"level":"info","message":"Server N0s0 got: 1 votes","timestamp":"2024-06-04 14:07:05"}
{"level":"info","message":"Server N0s1 started an election","timestamp":"2024-06-04 14:07:05"}
{"level":"info","message":"Server N0s1 got: -6 votes","timestamp":"2024-06-04 14:07:05"}
{"level":"info","message":"Server N0s2 started an election","timestamp":"2024-06-04 14:07:05"}
{"level":"info","message":"Server N0s2 got: 5 votes","timestamp":"2024-06-04 14:07:05"}
{"level":"info","message":"Server N0s3 started an election","timestamp":"2024-06-04 14:07:05"}
{"level":"info","message":"Server N0s3 got: -1 votes","timestamp":"2024-06-04 14:07:05"}
{"level":"info","message":"Server N1s0 started an election","timestamp":"2024-06-04 14:07:05"}
{"level":"info","message":"Server N1s0 got: -1 votes","timestamp":"2024-06-04 14:07:05"}
{"level":"info","message":"Server N1s1 started an election","timestamp":"2024-06-04 14:07:05"}
{"level":"info","message":"Server N1s1 got: 1 votes","timestamp":"2024-06-04 14:07:05"}
{"level":"info","message":"Server started on port 4000","timestamp":"2024-06-04 14:07:05"}
{"level":"info","message":"Server N1s2 started an election","timestamp":"2024-06-04 14:07:05"}
{"level":"info","message":"Server N1s2 got: -6 votes","timestamp":"2024-06-04 14:07:05"}
{"level":"info","message":"Server N1s3 started an election","timestamp":"2024-06-04 14:07:05"}
{"level":"info","message":"Server N1s3 got: -1 votes","timestamp":"2024-06-04 14:07:05"}
{"level":"info","message":"Server N2s0 started an election","timestamp":"2024-06-04 14:07:05"}
{"level":"info","message":"Server N2s0 got: -5 votes","timestamp":"2024-06-04 14:07:05"}
{"level":"info","message":"Server N2s1 started an election","timestamp":"2024-06-04 14:07:05"}
{"level":"info","message":"Server N2s1 got: -7 votes","timestamp":"2024-06-04 14:07:05"}
{"level":"info","message":"Server N2s2 started an election","timestamp":"2024-06-04 14:07:05"}
{"level":"info","message":"Server N2s2 got: -6 votes","timestamp":"2024-06-04 14:07:05"}
{"level":"info","message":"Server N2s3 started an election","timestamp":"2024-06-04 14:07:05"}
{"level":"info","message":"Server N2s3 got: 2 votes","timestamp":"2024-06-04 14:07:05"}
{"level":"info","message":"Server N3s0 started an election","timestamp":"2024-06-04 14:07:05"}
{"level":"info","message":"Server N3s0 got: -5 votes","timestamp":"2024-06-04 14:07:05"}
{"level":"info","message":"Server N3s1 started an election","timestamp":"2024-06-04 14:07:05"}
{"level":"info","message":"Server N3s1 got: 0 votes","timestamp":"2024-06-04 14:07:05"}
{"level":"info","message":"Server N3s2 started an election","timestamp":"2024-06-04 14:07:05"}
{"level":"info","message":"Server N3s2 got: -9 votes","timestamp":"2024-06-04 14:07:05"}
{"level":"info","message":"Server N3s3 started an election","timestamp":"2024-06-04 14:07:05"}
{"level":"info","message":"Server N3s3 got: 3 votes","timestamp":"2024-06-04 14:07:05"}
